<?xml version="1.0" encoding="UTF-8"?>
<!-- Generated by org.testng.reporters.JUnitReportReporter -->
<testsuite hostname="admin-PC" failures="0" tests="3" name="com.inquisitive.test.Tests.UserDetailsTest" time="21.329" errors="0" timestamp="29 Jun 2021 09:10:31 GMT" skipped="0">
  <testcase classname="com.inquisitive.test.Tests.UserDetailsTest" name="enterUserDetailsTest" time="5.686"/>
  <testcase classname="com.inquisitive.test.Tests.UserDetailsTest" name="enterUserDetailsTest" time="8.573"/>
  <testcase classname="com.inquisitive.test.Tests.UserDetailsTest" name="enterUserDetailsTest" time="7.070"/>
</testsuite> <!-- com.inquisitive.test.Tests.UserDetailsTest -->
