<?xml version="1.0" encoding="UTF-8"?>
<!-- Generated by org.testng.reporters.JUnitReportReporter -->
<testsuite hostname="admin-PC" failures="0" tests="4" name="com.inquisitive.test.Tests.CreateAnAccountTest" time="47.981" errors="0" timestamp="29 Jun 2021 09:10:31 GMT" skipped="0">
  <testcase classname="com.inquisitive.test.Tests.CreateAnAccountTest" name="createAnUserAccountTest" time="9.997"/>
  <testcase classname="com.inquisitive.test.Tests.CreateAnAccountTest" name="createAnUserAccountTest" time="11.120"/>
  <testcase classname="com.inquisitive.test.Tests.CreateAnAccountTest" name="createAnUserAccountTest" time="15.808"/>
  <testcase classname="com.inquisitive.test.Tests.CreateAnAccountTest" name="createAnUserAccountTest" time="11.056"/>
</testsuite> <!-- com.inquisitive.test.Tests.CreateAnAccountTest -->
