<?xml version="1.0" encoding="UTF-8"?>
<!-- Generated by org.testng.reporters.JUnitReportReporter -->
<testsuite hostname="admin-PC" failures="0" tests="1" name="com.inquisitive.test.Tests.HomePageTest" time="5.486" errors="0" timestamp="29 Jun 2021 09:10:31 GMT" skipped="0">
  <testcase classname="com.inquisitive.test.Tests.HomePageTest" name="launchHomePageTest" time="5.486"/>
</testsuite> <!-- com.inquisitive.test.Tests.HomePageTest -->
